E, [2014-01-18T18:11:51.229865 #16296] ERROR -- Kitchen: ------Exception-------
E, [2014-01-18T18:11:51.229958 #16296] ERROR -- Kitchen: Class: Kitchen::UserError
E, [2014-01-18T18:11:51.229995 #16296] ERROR -- Kitchen: Message: Kitchen YAML file /Users/juliandunn/devel/gh/juliandunn/oracle-instantclient/attributes/.kitchen.yml does not exist.
E, [2014-01-18T18:11:51.230018 #16296] ERROR -- Kitchen: ------Backtrace-------
E, [2014-01-18T18:11:51.230039 #16296] ERROR -- Kitchen: /Users/juliandunn/.rbenv/versions/1.9.3-p484/lib/ruby/gems/1.9.1/gems/test-kitchen-1.1.1/lib/kitchen/loader/yaml.rb:59:in `read'
E, [2014-01-18T18:11:51.230060 #16296] ERROR -- Kitchen: /Users/juliandunn/.rbenv/versions/1.9.3-p484/lib/ruby/gems/1.9.1/gems/test-kitchen-1.1.1/lib/kitchen/config.rb:78:in `data'
E, [2014-01-18T18:11:51.230080 #16296] ERROR -- Kitchen: /Users/juliandunn/.rbenv/versions/1.9.3-p484/lib/ruby/gems/1.9.1/gems/test-kitchen-1.1.1/lib/kitchen/config.rb:66:in `suites'
E, [2014-01-18T18:11:51.230100 #16296] ERROR -- Kitchen: /Users/juliandunn/.rbenv/versions/1.9.3-p484/lib/ruby/gems/1.9.1/gems/test-kitchen-1.1.1/lib/kitchen/config.rb:90:in `filter_instances'
E, [2014-01-18T18:11:51.230121 #16296] ERROR -- Kitchen: /Users/juliandunn/.rbenv/versions/1.9.3-p484/lib/ruby/gems/1.9.1/gems/test-kitchen-1.1.1/lib/kitchen/config.rb:72:in `build_instances'
E, [2014-01-18T18:11:51.230150 #16296] ERROR -- Kitchen: /Users/juliandunn/.rbenv/versions/1.9.3-p484/lib/ruby/gems/1.9.1/gems/test-kitchen-1.1.1/lib/kitchen/config.rb:52:in `instances'
E, [2014-01-18T18:11:51.230170 #16296] ERROR -- Kitchen: /Users/juliandunn/.rbenv/versions/1.9.3-p484/lib/ruby/gems/1.9.1/gems/test-kitchen-1.1.1/lib/kitchen/cli.rb:342:in `get_filtered_instances'
E, [2014-01-18T18:11:51.230190 #16296] ERROR -- Kitchen: /Users/juliandunn/.rbenv/versions/1.9.3-p484/lib/ruby/gems/1.9.1/gems/test-kitchen-1.1.1/lib/kitchen/cli.rb:327:in `parse_subcommand'
E, [2014-01-18T18:11:51.230209 #16296] ERROR -- Kitchen: /Users/juliandunn/.rbenv/versions/1.9.3-p484/lib/ruby/gems/1.9.1/gems/test-kitchen-1.1.1/lib/kitchen/cli.rb:60:in `list'
E, [2014-01-18T18:11:51.230229 #16296] ERROR -- Kitchen: /Users/juliandunn/.rbenv/versions/1.9.3-p484/lib/ruby/gems/1.9.1/gems/thor-0.18.1/lib/thor/command.rb:27:in `run'
E, [2014-01-18T18:11:51.230253 #16296] ERROR -- Kitchen: /Users/juliandunn/.rbenv/versions/1.9.3-p484/lib/ruby/gems/1.9.1/gems/thor-0.18.1/lib/thor/invocation.rb:120:in `invoke_command'
E, [2014-01-18T18:11:51.230273 #16296] ERROR -- Kitchen: /Users/juliandunn/.rbenv/versions/1.9.3-p484/lib/ruby/gems/1.9.1/gems/test-kitchen-1.1.1/lib/kitchen/cli.rb:288:in `invoke_task'
E, [2014-01-18T18:11:51.230292 #16296] ERROR -- Kitchen: /Users/juliandunn/.rbenv/versions/1.9.3-p484/lib/ruby/gems/1.9.1/gems/thor-0.18.1/lib/thor.rb:363:in `dispatch'
E, [2014-01-18T18:11:51.230312 #16296] ERROR -- Kitchen: /Users/juliandunn/.rbenv/versions/1.9.3-p484/lib/ruby/gems/1.9.1/gems/thor-0.18.1/lib/thor/base.rb:439:in `start'
E, [2014-01-18T18:11:51.230331 #16296] ERROR -- Kitchen: /Users/juliandunn/.rbenv/versions/1.9.3-p484/lib/ruby/gems/1.9.1/gems/test-kitchen-1.1.1/bin/kitchen:13:in `block in <top (required)>'
E, [2014-01-18T18:11:51.230350 #16296] ERROR -- Kitchen: /Users/juliandunn/.rbenv/versions/1.9.3-p484/lib/ruby/gems/1.9.1/gems/test-kitchen-1.1.1/lib/kitchen/errors.rb:81:in `with_friendly_errors'
E, [2014-01-18T18:11:51.230370 #16296] ERROR -- Kitchen: /Users/juliandunn/.rbenv/versions/1.9.3-p484/lib/ruby/gems/1.9.1/gems/test-kitchen-1.1.1/bin/kitchen:13:in `<top (required)>'
E, [2014-01-18T18:11:51.230389 #16296] ERROR -- Kitchen: /Users/juliandunn/.rbenv/versions/1.9.3-p484/bin/kitchen:23:in `load'
E, [2014-01-18T18:11:51.230409 #16296] ERROR -- Kitchen: /Users/juliandunn/.rbenv/versions/1.9.3-p484/bin/kitchen:23:in `<main>'
E, [2014-01-18T18:11:51.230431 #16296] ERROR -- Kitchen: ----------------------
